<?xml version="1.0" encoding="UTF-8" ?>
<testsuite tests="19" failures="0" name="fr.femtost.disc.glcomp.m1comp6.memory.HeapTest" time="0.005" errors="0" skipped="0">
  <properties>
    <property name="idea.version" value="2018.3.3"/>
    <property name="java.runtime.name" value="Java(TM) SE Runtime Environment"/>
    <property name="sun.boot.library.path" value="/usr/lib/jvm/java-8-oracle/jre/lib/amd64"/>
    <property name="java.vm.version" value="25.181-b13"/>
    <property name="java.vm.vendor" value="Oracle Corporation"/>
    <property name="maven.multiModuleProjectDirectory" value="/home/aurore/develop/m1comp6/trunk"/>
    <property name="java.vendor.url" value="http://java.oracle.com/"/>
    <property name="path.separator" value=":"/>
    <property name="guice.disable.misplaced.annotation.check" value="true"/>
    <property name="java.vm.name" value="Java HotSpot(TM) 64-Bit Server VM"/>
    <property name="file.encoding.pkg" value="sun.io"/>
    <property name="user.country" value="US"/>
    <property name="sun.java.launcher" value="SUN_STANDARD"/>
    <property name="sun.os.patch.level" value="unknown"/>
    <property name="java.vm.specification.name" value="Java Virtual Machine Specification"/>
    <property name="user.dir" value="/home/aurore/develop/m1comp6/trunk"/>
    <property name="java.runtime.version" value="1.8.0_181-b13"/>
    <property name="java.awt.graphicsenv" value="sun.awt.X11GraphicsEnvironment"/>
    <property name="java.endorsed.dirs" value="/usr/lib/jvm/java-8-oracle/jre/lib/endorsed"/>
    <property name="os.arch" value="amd64"/>
    <property name="java.io.tmpdir" value="/tmp"/>
    <property name="line.separator" value="
"/>
    <property name="java.vm.specification.vendor" value="Oracle Corporation"/>
    <property name="os.name" value="Linux"/>
    <property name="classworlds.conf" value="/snap/intellij-idea-community/110/plugins/maven/lib/maven3/bin/m2.conf"/>
    <property name="sun.jnu.encoding" value="UTF-8"/>
    <property name="java.library.path" value="/usr/java/packages/lib/amd64:/usr/lib64:/lib64:/lib:/usr/lib"/>
    <property name="java.specification.name" value="Java Platform API Specification"/>
    <property name="java.class.version" value="52.0"/>
    <property name="sun.management.compiler" value="HotSpot 64-Bit Tiered Compilers"/>
    <property name="os.version" value="4.15.0-42-generic"/>
    <property name="user.home" value="/home/aurore"/>
    <property name="user.timezone" value="Europe/Paris"/>
    <property name="java.awt.printerjob" value="sun.print.PSPrinterJob"/>
    <property name="java.specification.version" value="1.8"/>
    <property name="file.encoding" value="UTF-8"/>
    <property name="user.name" value="aurore"/>
    <property name="java.class.path" value="/snap/intellij-idea-community/110/plugins/maven/lib/maven3/boot/plexus-classworlds-2.5.2.jar:/snap/intellij-idea-community/110/lib/idea_rt.jar"/>
    <property name="java.vm.specification.version" value="1.8"/>
    <property name="sun.arch.data.model" value="64"/>
    <property name="java.home" value="/usr/lib/jvm/java-8-oracle/jre"/>
    <property name="sun.java.command" value="org.codehaus.classworlds.Launcher -Didea.version=2018.3.3 test"/>
    <property name="java.specification.vendor" value="Oracle Corporation"/>
    <property name="user.language" value="en"/>
    <property name="awt.toolkit" value="sun.awt.X11.XToolkit"/>
    <property name="java.vm.info" value="mixed mode"/>
    <property name="java.version" value="1.8.0_181"/>
    <property name="java.ext.dirs" value="/usr/lib/jvm/java-8-oracle/jre/lib/ext:/usr/java/packages/lib/ext"/>
    <property name="securerandom.source" value="file:/dev/./urandom"/>
    <property name="sun.boot.class.path" value="/usr/lib/jvm/java-8-oracle/jre/lib/resources.jar:/usr/lib/jvm/java-8-oracle/jre/lib/rt.jar:/usr/lib/jvm/java-8-oracle/jre/lib/sunrsasign.jar:/usr/lib/jvm/java-8-oracle/jre/lib/jsse.jar:/usr/lib/jvm/java-8-oracle/jre/lib/jce.jar:/usr/lib/jvm/java-8-oracle/jre/lib/charsets.jar:/usr/lib/jvm/java-8-oracle/jre/lib/jfr.jar:/usr/lib/jvm/java-8-oracle/jre/classes"/>
    <property name="java.vendor" value="Oracle Corporation"/>
    <property name="maven.home" value="/snap/intellij-idea-community/110/plugins/maven/lib/maven3"/>
    <property name="file.separator" value="/"/>
    <property name="java.vendor.url.bug" value="http://bugreport.sun.com/bugreport/"/>
    <property name="sun.cpu.endian" value="little"/>
    <property name="sun.io.unicode.encoding" value="UnicodeLittle"/>
    <property name="sun.desktop" value="gnome"/>
    <property name="sun.cpu.isalist" value=""/>
  </properties>
  <testcase classname="fr.femtost.disc.glcomp.m1comp6.memory.HeapTest" name="removeRefTest" time="0.001"/>
  <testcase classname="fr.femtost.disc.glcomp.m1comp6.memory.HeapTest" name="addRefTest" time="0.001"/>
  <testcase classname="fr.femtost.disc.glcomp.m1comp6.memory.HeapTest" name="getHeapEntryTest2" time="0"/>
  <testcase classname="fr.femtost.disc.glcomp.m1comp6.memory.HeapTest" name="insertTest1" time="0"/>
  <testcase classname="fr.femtost.disc.glcomp.m1comp6.memory.HeapTest" name="insertTest2" time="0"/>
  <testcase classname="fr.femtost.disc.glcomp.m1comp6.memory.HeapTest" name="insertTest3" time="0"/>
  <testcase classname="fr.femtost.disc.glcomp.m1comp6.memory.HeapTest" name="insertTest4" time="0"/>
  <testcase classname="fr.femtost.disc.glcomp.m1comp6.memory.HeapTest" name="insertTest5" time="0"/>
  <testcase classname="fr.femtost.disc.glcomp.m1comp6.memory.HeapTest" name="insertTest6" time="0"/>
  <testcase classname="fr.femtost.disc.glcomp.m1comp6.memory.HeapTest" name="setEntryValueAtTest1" time="0.001"/>
  <testcase classname="fr.femtost.disc.glcomp.m1comp6.memory.HeapTest" name="setEntryValueAtTest2" time="0"/>
  <testcase classname="fr.femtost.disc.glcomp.m1comp6.memory.HeapTest" name="setEntryValueAtTest3" time="0"/>
  <testcase classname="fr.femtost.disc.glcomp.m1comp6.memory.HeapTest" name="setEntryValueAtTest4" time="0"/>
  <testcase classname="fr.femtost.disc.glcomp.m1comp6.memory.HeapTest" name="getEntryValueAtTest1" time="0.001"/>
  <testcase classname="fr.femtost.disc.glcomp.m1comp6.memory.HeapTest" name="getEntryValueAtTest2" time="0"/>
  <testcase classname="fr.femtost.disc.glcomp.m1comp6.memory.HeapTest" name="getEntryValueAtTest3" time="0.001"/>
  <testcase classname="fr.femtost.disc.glcomp.m1comp6.memory.HeapTest" name="getEntryValueAtTest4" time="0"/>
  <testcase classname="fr.femtost.disc.glcomp.m1comp6.memory.HeapTest" name="getHeapEntryTest" time="0"/>
  <testcase classname="fr.femtost.disc.glcomp.m1comp6.memory.HeapTest" name="removeRefTest2" time="0"/>
</testsuite>