<?xml version="1.0" encoding="UTF-8" ?>
<testsuite tests="111" failures="0" name="fr.femtost.disc.glcomp.m1comp6.interpreters.mjj.InterpreterVisitorTest" time="0.028" errors="0" skipped="0">
  <properties>
    <property name="idea.version" value="2018.3.3"/>
    <property name="java.runtime.name" value="Java(TM) SE Runtime Environment"/>
    <property name="sun.boot.library.path" value="/usr/lib/jvm/java-8-oracle/jre/lib/amd64"/>
    <property name="java.vm.version" value="25.181-b13"/>
    <property name="java.vm.vendor" value="Oracle Corporation"/>
    <property name="maven.multiModuleProjectDirectory" value="/home/aurore/develop/m1comp6/trunk"/>
    <property name="java.vendor.url" value="http://java.oracle.com/"/>
    <property name="path.separator" value=":"/>
    <property name="guice.disable.misplaced.annotation.check" value="true"/>
    <property name="java.vm.name" value="Java HotSpot(TM) 64-Bit Server VM"/>
    <property name="file.encoding.pkg" value="sun.io"/>
    <property name="user.country" value="US"/>
    <property name="sun.java.launcher" value="SUN_STANDARD"/>
    <property name="sun.os.patch.level" value="unknown"/>
    <property name="java.vm.specification.name" value="Java Virtual Machine Specification"/>
    <property name="user.dir" value="/home/aurore/develop/m1comp6/trunk"/>
    <property name="java.runtime.version" value="1.8.0_181-b13"/>
    <property name="java.awt.graphicsenv" value="sun.awt.X11GraphicsEnvironment"/>
    <property name="java.endorsed.dirs" value="/usr/lib/jvm/java-8-oracle/jre/lib/endorsed"/>
    <property name="os.arch" value="amd64"/>
    <property name="java.io.tmpdir" value="/tmp"/>
    <property name="line.separator" value="
"/>
    <property name="java.vm.specification.vendor" value="Oracle Corporation"/>
    <property name="os.name" value="Linux"/>
    <property name="classworlds.conf" value="/snap/intellij-idea-community/110/plugins/maven/lib/maven3/bin/m2.conf"/>
    <property name="sun.jnu.encoding" value="UTF-8"/>
    <property name="java.library.path" value="/usr/java/packages/lib/amd64:/usr/lib64:/lib64:/lib:/usr/lib"/>
    <property name="java.specification.name" value="Java Platform API Specification"/>
    <property name="java.class.version" value="52.0"/>
    <property name="sun.management.compiler" value="HotSpot 64-Bit Tiered Compilers"/>
    <property name="os.version" value="4.15.0-42-generic"/>
    <property name="user.home" value="/home/aurore"/>
    <property name="user.timezone" value="Europe/Paris"/>
    <property name="java.awt.printerjob" value="sun.print.PSPrinterJob"/>
    <property name="java.specification.version" value="1.8"/>
    <property name="file.encoding" value="UTF-8"/>
    <property name="user.name" value="aurore"/>
    <property name="java.class.path" value="/snap/intellij-idea-community/110/plugins/maven/lib/maven3/boot/plexus-classworlds-2.5.2.jar:/snap/intellij-idea-community/110/lib/idea_rt.jar"/>
    <property name="java.vm.specification.version" value="1.8"/>
    <property name="sun.arch.data.model" value="64"/>
    <property name="java.home" value="/usr/lib/jvm/java-8-oracle/jre"/>
    <property name="sun.java.command" value="org.codehaus.classworlds.Launcher -Didea.version=2018.3.3 test"/>
    <property name="java.specification.vendor" value="Oracle Corporation"/>
    <property name="user.language" value="en"/>
    <property name="awt.toolkit" value="sun.awt.X11.XToolkit"/>
    <property name="java.vm.info" value="mixed mode"/>
    <property name="java.version" value="1.8.0_181"/>
    <property name="java.ext.dirs" value="/usr/lib/jvm/java-8-oracle/jre/lib/ext:/usr/java/packages/lib/ext"/>
    <property name="securerandom.source" value="file:/dev/./urandom"/>
    <property name="sun.boot.class.path" value="/usr/lib/jvm/java-8-oracle/jre/lib/resources.jar:/usr/lib/jvm/java-8-oracle/jre/lib/rt.jar:/usr/lib/jvm/java-8-oracle/jre/lib/sunrsasign.jar:/usr/lib/jvm/java-8-oracle/jre/lib/jsse.jar:/usr/lib/jvm/java-8-oracle/jre/lib/jce.jar:/usr/lib/jvm/java-8-oracle/jre/lib/charsets.jar:/usr/lib/jvm/java-8-oracle/jre/lib/jfr.jar:/usr/lib/jvm/java-8-oracle/jre/classes"/>
    <property name="java.vendor" value="Oracle Corporation"/>
    <property name="maven.home" value="/snap/intellij-idea-community/110/plugins/maven/lib/maven3"/>
    <property name="file.separator" value="/"/>
    <property name="java.vendor.url.bug" value="http://bugreport.sun.com/bugreport/"/>
    <property name="sun.cpu.endian" value="little"/>
    <property name="sun.io.unicode.encoding" value="UnicodeLittle"/>
    <property name="sun.desktop" value="gnome"/>
    <property name="sun.cpu.isalist" value=""/>
  </properties>
  <testcase classname="fr.femtost.disc.glcomp.m1comp6.interpreters.mjj.InterpreterVisitorTest" name="nodeVarTest2" time="0.005"/>
  <testcase classname="fr.femtost.disc.glcomp.m1comp6.interpreters.mjj.InterpreterVisitorTest" name="nodeVarTest3" time="0"/>
  <testcase classname="fr.femtost.disc.glcomp.m1comp6.interpreters.mjj.InterpreterVisitorTest" name="nodeVarTest4" time="0.001"/>
  <testcase classname="fr.femtost.disc.glcomp.m1comp6.interpreters.mjj.InterpreterVisitorTest" name="nodeVarTest5" time="0"/>
  <testcase classname="fr.femtost.disc.glcomp.m1comp6.interpreters.mjj.InterpreterVisitorTest" name="nodeAddTest2" time="0.001"/>
  <testcase classname="fr.femtost.disc.glcomp.m1comp6.interpreters.mjj.InterpreterVisitorTest" name="nodeVarsTest" time="0"/>
  <testcase classname="fr.femtost.disc.glcomp.m1comp6.interpreters.mjj.InterpreterVisitorTest" name="nodeMethodTest" time="0.001"/>
  <testcase classname="fr.femtost.disc.glcomp.m1comp6.interpreters.mjj.InterpreterVisitorTest" name="nodeMulTest" time="0.001"/>
  <testcase classname="fr.femtost.disc.glcomp.m1comp6.interpreters.mjj.InterpreterVisitorTest" name="nodeCstTest2" time="0"/>
  <testcase classname="fr.femtost.disc.glcomp.m1comp6.interpreters.mjj.InterpreterVisitorTest" name="nodeCstTest3" time="0"/>
  <testcase classname="fr.femtost.disc.glcomp.m1comp6.interpreters.mjj.InterpreterVisitorTest" name="nodeCstTest4" time="0.001"/>
  <testcase classname="fr.femtost.disc.glcomp.m1comp6.interpreters.mjj.InterpreterVisitorTest" name="nodeCstTest5" time="0"/>
  <testcase classname="fr.femtost.disc.glcomp.m1comp6.interpreters.mjj.InterpreterVisitorTest" name="nodeDivTest" time="0"/>
  <testcase classname="fr.femtost.disc.glcomp.m1comp6.interpreters.mjj.InterpreterVisitorTest" name="nodeAndTest2" time="0"/>
  <testcase classname="fr.femtost.disc.glcomp.m1comp6.interpreters.mjj.InterpreterVisitorTest" name="nodeAndTest3" time="0.001"/>
  <testcase classname="fr.femtost.disc.glcomp.m1comp6.interpreters.mjj.InterpreterVisitorTest" name="nodeCallETest" time="0.002"/>
  <testcase classname="fr.femtost.disc.glcomp.m1comp6.interpreters.mjj.InterpreterVisitorTest" name="nodeCallITest" time="0"/>
  <testcase classname="fr.femtost.disc.glcomp.m1comp6.interpreters.mjj.InterpreterVisitorTest" name="nodeIfTest2" time="0.001"/>
  <testcase classname="fr.femtost.disc.glcomp.m1comp6.interpreters.mjj.InterpreterVisitorTest" name="nodeIfTest3" time="0"/>
  <testcase classname="fr.femtost.disc.glcomp.m1comp6.interpreters.mjj.InterpreterVisitorTest" name="nodeExpListTest" time="0"/>
  <testcase classname="fr.femtost.disc.glcomp.m1comp6.interpreters.mjj.InterpreterVisitorTest" name="nodeNumberTest" time="0"/>
  <testcase classname="fr.femtost.disc.glcomp.m1comp6.interpreters.mjj.InterpreterVisitorTest" name="nodeClassTest2" time="0.001"/>
  <testcase classname="fr.femtost.disc.glcomp.m1comp6.interpreters.mjj.InterpreterVisitorTest" name="nodeClassTest3" time="0"/>
  <testcase classname="fr.femtost.disc.glcomp.m1comp6.interpreters.mjj.InterpreterVisitorTest" name="nodeClassTest4" time="0"/>
  <testcase classname="fr.femtost.disc.glcomp.m1comp6.interpreters.mjj.InterpreterVisitorTest" name="nodeClassTest5" time="0"/>
  <testcase classname="fr.femtost.disc.glcomp.m1comp6.interpreters.mjj.InterpreterVisitorTest" name="nodeNegTest" time="0.001"/>
  <testcase classname="fr.femtost.disc.glcomp.m1comp6.interpreters.mjj.InterpreterVisitorTest" name="nodeNotTest" time="0.001"/>
  <testcase classname="fr.femtost.disc.glcomp.m1comp6.interpreters.mjj.InterpreterVisitorTest" name="nodeBooleanTest" time="0"/>
  <testcase classname="fr.femtost.disc.glcomp.m1comp6.interpreters.mjj.InterpreterVisitorTest" name="nodeIncrementTest" time="0"/>
  <testcase classname="fr.femtost.disc.glcomp.m1comp6.interpreters.mjj.InterpreterVisitorTest" name="nodeSubTest" time="0"/>
  <testcase classname="fr.femtost.disc.glcomp.m1comp6.interpreters.mjj.InterpreterVisitorTest" name="nodeSumTest" time="0"/>
  <testcase classname="fr.femtost.disc.glcomp.m1comp6.interpreters.mjj.InterpreterVisitorTest" name="nodeSupTest" time="0"/>
  <testcase classname="fr.femtost.disc.glcomp.m1comp6.interpreters.mjj.InterpreterVisitorTest" name="nodeMainTest2" time="0"/>
  <testcase classname="fr.femtost.disc.glcomp.m1comp6.interpreters.mjj.InterpreterVisitorTest" name="nodeReturnTest2" time="0"/>
  <testcase classname="fr.femtost.disc.glcomp.m1comp6.interpreters.mjj.InterpreterVisitorTest" name="nodeMainTest" time="0"/>
  <testcase classname="fr.femtost.disc.glcomp.m1comp6.interpreters.mjj.InterpreterVisitorTest" name="nodeClassTest" time="0"/>
  <testcase classname="fr.femtost.disc.glcomp.m1comp6.interpreters.mjj.InterpreterVisitorTest" name="nodeIdentTest" time="0.001"/>
  <testcase classname="fr.femtost.disc.glcomp.m1comp6.interpreters.mjj.InterpreterVisitorTest" name="nodeVarsTest2" time="0"/>
  <testcase classname="fr.femtost.disc.glcomp.m1comp6.interpreters.mjj.InterpreterVisitorTest" name="nodeVarsTest3" time="0"/>
  <testcase classname="fr.femtost.disc.glcomp.m1comp6.interpreters.mjj.InterpreterVisitorTest" name="nodeDeclsTest2" time="0.001"/>
  <testcase classname="fr.femtost.disc.glcomp.m1comp6.interpreters.mjj.InterpreterVisitorTest" name="nodeDeclsTest3" time="0"/>
  <testcase classname="fr.femtost.disc.glcomp.m1comp6.interpreters.mjj.InterpreterVisitorTest" name="nodeAssignmentTest" time="0"/>
  <testcase classname="fr.femtost.disc.glcomp.m1comp6.interpreters.mjj.InterpreterVisitorTest" name="nodeDivTest2" time="0"/>
  <testcase classname="fr.femtost.disc.glcomp.m1comp6.interpreters.mjj.InterpreterVisitorTest" name="nodeDivTest3" time="0"/>
  <testcase classname="fr.femtost.disc.glcomp.m1comp6.interpreters.mjj.InterpreterVisitorTest" name="nodeDivTest4" time="0"/>
  <testcase classname="fr.femtost.disc.glcomp.m1comp6.interpreters.mjj.InterpreterVisitorTest" name="nodeOrTest2" time="0.001"/>
  <testcase classname="fr.femtost.disc.glcomp.m1comp6.interpreters.mjj.InterpreterVisitorTest" name="nodeOrTest3" time="0"/>
  <testcase classname="fr.femtost.disc.glcomp.m1comp6.interpreters.mjj.InterpreterVisitorTest" name="nodeArrayGetTest" time="0"/>
  <testcase classname="fr.femtost.disc.glcomp.m1comp6.interpreters.mjj.InterpreterVisitorTest" name="nodeMethodTest2" time="0"/>
  <testcase classname="fr.femtost.disc.glcomp.m1comp6.interpreters.mjj.InterpreterVisitorTest" name="nodeMethodTest3" time="0"/>
  <testcase classname="fr.femtost.disc.glcomp.m1comp6.interpreters.mjj.InterpreterVisitorTest" name="nodeAddTest" time="0"/>
  <testcase classname="fr.femtost.disc.glcomp.m1comp6.interpreters.mjj.InterpreterVisitorTest" name="nodeOmegaTest" time="0"/>
  <testcase classname="fr.femtost.disc.glcomp.m1comp6.interpreters.mjj.InterpreterVisitorTest" name="nodeDeclsTest" time="0"/>
  <testcase classname="fr.femtost.disc.glcomp.m1comp6.interpreters.mjj.InterpreterVisitorTest" name="nodeMulTest2" time="0"/>
  <testcase classname="fr.femtost.disc.glcomp.m1comp6.interpreters.mjj.InterpreterVisitorTest" name="nodeCallETest2" time="0"/>
  <testcase classname="fr.femtost.disc.glcomp.m1comp6.interpreters.mjj.InterpreterVisitorTest" name="nodeCallETest3" time="0"/>
  <testcase classname="fr.femtost.disc.glcomp.m1comp6.interpreters.mjj.InterpreterVisitorTest" name="nodeCallETest4" time="0.001"/>
  <testcase classname="fr.femtost.disc.glcomp.m1comp6.interpreters.mjj.InterpreterVisitorTest" name="nodeCallITest2" time="0"/>
  <testcase classname="fr.femtost.disc.glcomp.m1comp6.interpreters.mjj.InterpreterVisitorTest" name="nodeCallITest3" time="0"/>
  <testcase classname="fr.femtost.disc.glcomp.m1comp6.interpreters.mjj.InterpreterVisitorTest" name="nodeAndTest" time="0"/>
  <testcase classname="fr.femtost.disc.glcomp.m1comp6.interpreters.mjj.InterpreterVisitorTest" name="nodeReturnTest" time="0"/>
  <testcase classname="fr.femtost.disc.glcomp.m1comp6.interpreters.mjj.InterpreterVisitorTest" name="nodeInstrsTest" time="0"/>
  <testcase classname="fr.femtost.disc.glcomp.m1comp6.interpreters.mjj.InterpreterVisitorTest" name="nodeNegTest2" time="0"/>
  <testcase classname="fr.femtost.disc.glcomp.m1comp6.interpreters.mjj.InterpreterVisitorTest" name="nodeArrayGetTest2" time="0"/>
  <testcase classname="fr.femtost.disc.glcomp.m1comp6.interpreters.mjj.InterpreterVisitorTest" name="nodeArrayGetTest3" time="0"/>
  <testcase classname="fr.femtost.disc.glcomp.m1comp6.interpreters.mjj.InterpreterVisitorTest" name="nodeWhileTest2" time="0.001"/>
  <testcase classname="fr.femtost.disc.glcomp.m1comp6.interpreters.mjj.InterpreterVisitorTest" name="nodeWhileTest3" time="0"/>
  <testcase classname="fr.femtost.disc.glcomp.m1comp6.interpreters.mjj.InterpreterVisitorTest" name="nodeTrueTest2" time="0"/>
  <testcase classname="fr.femtost.disc.glcomp.m1comp6.interpreters.mjj.InterpreterVisitorTest" name="nodeHeaderTest" time="0"/>
  <testcase classname="fr.femtost.disc.glcomp.m1comp6.interpreters.mjj.InterpreterVisitorTest" name="nodeNotTest2" time="0"/>
  <testcase classname="fr.femtost.disc.glcomp.m1comp6.interpreters.mjj.InterpreterVisitorTest" name="nodeIncrementTest2" time="0.001"/>
  <testcase classname="fr.femtost.disc.glcomp.m1comp6.interpreters.mjj.InterpreterVisitorTest" name="nodeIncrementTest3" time="0"/>
  <testcase classname="fr.femtost.disc.glcomp.m1comp6.interpreters.mjj.InterpreterVisitorTest" name="nodeIncrementTest4" time="0"/>
  <testcase classname="fr.femtost.disc.glcomp.m1comp6.interpreters.mjj.InterpreterVisitorTest" name="nodeInstrsTest2" time="0"/>
  <testcase classname="fr.femtost.disc.glcomp.m1comp6.interpreters.mjj.InterpreterVisitorTest" name="nodeInstrsTest3" time="0"/>
  <testcase classname="fr.femtost.disc.glcomp.m1comp6.interpreters.mjj.InterpreterVisitorTest" name="nodeAssignmentTest2" time="0"/>
  <testcase classname="fr.femtost.disc.glcomp.m1comp6.interpreters.mjj.InterpreterVisitorTest" name="nodeAssignmentTest3" time="0"/>
  <testcase classname="fr.femtost.disc.glcomp.m1comp6.interpreters.mjj.InterpreterVisitorTest" name="nodeAssignmentTest4" time="0"/>
  <testcase classname="fr.femtost.disc.glcomp.m1comp6.interpreters.mjj.InterpreterVisitorTest" name="nodeAssignmentTest5" time="0"/>
  <testcase classname="fr.femtost.disc.glcomp.m1comp6.interpreters.mjj.InterpreterVisitorTest" name="nodeIfTest" time="0"/>
  <testcase classname="fr.femtost.disc.glcomp.m1comp6.interpreters.mjj.InterpreterVisitorTest" name="nodeTrueTest" time="0"/>
  <testcase classname="fr.femtost.disc.glcomp.m1comp6.interpreters.mjj.InterpreterVisitorTest" name="nodeEnilTest" time="0"/>
  <testcase classname="fr.femtost.disc.glcomp.m1comp6.interpreters.mjj.InterpreterVisitorTest" name="nodeVarTest" time="0"/>
  <testcase classname="fr.femtost.disc.glcomp.m1comp6.interpreters.mjj.InterpreterVisitorTest" name="nodeOrTest" time="0"/>
  <testcase classname="fr.femtost.disc.glcomp.m1comp6.interpreters.mjj.InterpreterVisitorTest" name="nodeCmpTest2" time="0.001"/>
  <testcase classname="fr.femtost.disc.glcomp.m1comp6.interpreters.mjj.InterpreterVisitorTest" name="nodeCmpTest3" time="0"/>
  <testcase classname="fr.femtost.disc.glcomp.m1comp6.interpreters.mjj.InterpreterVisitorTest" name="nodeIdentTest2" time="0"/>
  <testcase classname="fr.femtost.disc.glcomp.m1comp6.interpreters.mjj.InterpreterVisitorTest" name="nodeIdentTest3" time="0"/>
  <testcase classname="fr.femtost.disc.glcomp.m1comp6.interpreters.mjj.InterpreterVisitorTest" name="nodeIdentTest4" time="0"/>
  <testcase classname="fr.femtost.disc.glcomp.m1comp6.interpreters.mjj.InterpreterVisitorTest" name="nodeNumberTest2" time="0.001"/>
  <testcase classname="fr.femtost.disc.glcomp.m1comp6.interpreters.mjj.InterpreterVisitorTest" name="nodeSubTest2" time="0"/>
  <testcase classname="fr.femtost.disc.glcomp.m1comp6.interpreters.mjj.InterpreterVisitorTest" name="nodeSubTest3" time="0"/>
  <testcase classname="fr.femtost.disc.glcomp.m1comp6.interpreters.mjj.InterpreterVisitorTest" name="nodeIntegerTest" time="0"/>
  <testcase classname="fr.femtost.disc.glcomp.m1comp6.interpreters.mjj.InterpreterVisitorTest" name="nodeVoidTest" time="0.001"/>
  <testcase classname="fr.femtost.disc.glcomp.m1comp6.interpreters.mjj.InterpreterVisitorTest" name="nodeFalseTest" time="0"/>
  <testcase classname="fr.femtost.disc.glcomp.m1comp6.interpreters.mjj.InterpreterVisitorTest" name="nodeSumTest2" time="0"/>
  <testcase classname="fr.femtost.disc.glcomp.m1comp6.interpreters.mjj.InterpreterVisitorTest" name="nodeSumTest3" time="0"/>
  <testcase classname="fr.femtost.disc.glcomp.m1comp6.interpreters.mjj.InterpreterVisitorTest" name="nodeSumTest4" time="0"/>
  <testcase classname="fr.femtost.disc.glcomp.m1comp6.interpreters.mjj.InterpreterVisitorTest" name="nodeWhileTest" time="0"/>
  <testcase classname="fr.femtost.disc.glcomp.m1comp6.interpreters.mjj.InterpreterVisitorTest" name="nodeCmpTest" time="0"/>
  <testcase classname="fr.femtost.disc.glcomp.m1comp6.interpreters.mjj.InterpreterVisitorTest" name="nodeArrayTest2" time="0"/>
  <testcase classname="fr.femtost.disc.glcomp.m1comp6.interpreters.mjj.InterpreterVisitorTest" name="nodeArrayTest3" time="0.001"/>
  <testcase classname="fr.femtost.disc.glcomp.m1comp6.interpreters.mjj.InterpreterVisitorTest" name="nodeArrayTest4" time="0"/>
  <testcase classname="fr.femtost.disc.glcomp.m1comp6.interpreters.mjj.InterpreterVisitorTest" name="nodeArrayTest5" time="0"/>
  <testcase classname="fr.femtost.disc.glcomp.m1comp6.interpreters.mjj.InterpreterVisitorTest" name="nodeSupTest2" time="0.001"/>
  <testcase classname="fr.femtost.disc.glcomp.m1comp6.interpreters.mjj.InterpreterVisitorTest" name="nodeSupTest3" time="0"/>
  <testcase classname="fr.femtost.disc.glcomp.m1comp6.interpreters.mjj.InterpreterVisitorTest" name="nodeHeadersTest" time="0"/>
  <testcase classname="fr.femtost.disc.glcomp.m1comp6.interpreters.mjj.InterpreterVisitorTest" name="nodeCstTest" time="0"/>
  <testcase classname="fr.femtost.disc.glcomp.m1comp6.interpreters.mjj.InterpreterVisitorTest" name="nodeExnilTest" time="0"/>
  <testcase classname="fr.femtost.disc.glcomp.m1comp6.interpreters.mjj.InterpreterVisitorTest" name="nodeFalseTest2" time="0"/>
  <testcase classname="fr.femtost.disc.glcomp.m1comp6.interpreters.mjj.InterpreterVisitorTest" name="nodeArrayTest" time="0"/>
</testsuite>