<?xml version="1.0" encoding="UTF-8" ?>
<testsuite tests="111" failures="0" name="fr.femtost.disc.glcomp.m1comp6.typechecker.mjj.TypeCheckerVisitorTest" time="0.022" errors="0" skipped="0">
  <properties>
    <property name="idea.version" value="2018.3.3"/>
    <property name="java.runtime.name" value="Java(TM) SE Runtime Environment"/>
    <property name="sun.boot.library.path" value="/usr/lib/jvm/java-8-oracle/jre/lib/amd64"/>
    <property name="java.vm.version" value="25.181-b13"/>
    <property name="java.vm.vendor" value="Oracle Corporation"/>
    <property name="maven.multiModuleProjectDirectory" value="/home/aurore/develop/m1comp6/trunk/TypeChecker"/>
    <property name="java.vendor.url" value="http://java.oracle.com/"/>
    <property name="path.separator" value=":"/>
    <property name="guice.disable.misplaced.annotation.check" value="true"/>
    <property name="java.vm.name" value="Java HotSpot(TM) 64-Bit Server VM"/>
    <property name="file.encoding.pkg" value="sun.io"/>
    <property name="user.country" value="US"/>
    <property name="sun.java.launcher" value="SUN_STANDARD"/>
    <property name="sun.os.patch.level" value="unknown"/>
    <property name="java.vm.specification.name" value="Java Virtual Machine Specification"/>
    <property name="user.dir" value="/home/aurore/develop/m1comp6/trunk/TypeChecker"/>
    <property name="java.runtime.version" value="1.8.0_181-b13"/>
    <property name="java.awt.graphicsenv" value="sun.awt.X11GraphicsEnvironment"/>
    <property name="java.endorsed.dirs" value="/usr/lib/jvm/java-8-oracle/jre/lib/endorsed"/>
    <property name="os.arch" value="amd64"/>
    <property name="java.io.tmpdir" value="/tmp"/>
    <property name="line.separator" value="
"/>
    <property name="java.vm.specification.vendor" value="Oracle Corporation"/>
    <property name="os.name" value="Linux"/>
    <property name="classworlds.conf" value="/snap/intellij-idea-community/110/plugins/maven/lib/maven3/bin/m2.conf"/>
    <property name="sun.jnu.encoding" value="UTF-8"/>
    <property name="java.library.path" value="/usr/java/packages/lib/amd64:/usr/lib64:/lib64:/lib:/usr/lib"/>
    <property name="java.specification.name" value="Java Platform API Specification"/>
    <property name="java.class.version" value="52.0"/>
    <property name="sun.management.compiler" value="HotSpot 64-Bit Tiered Compilers"/>
    <property name="os.version" value="4.15.0-42-generic"/>
    <property name="user.home" value="/home/aurore"/>
    <property name="user.timezone" value="Europe/Paris"/>
    <property name="java.awt.printerjob" value="sun.print.PSPrinterJob"/>
    <property name="java.specification.version" value="1.8"/>
    <property name="file.encoding" value="UTF-8"/>
    <property name="user.name" value="aurore"/>
    <property name="java.class.path" value="/snap/intellij-idea-community/110/plugins/maven/lib/maven3/boot/plexus-classworlds-2.5.2.jar:/snap/intellij-idea-community/110/lib/idea_rt.jar"/>
    <property name="java.vm.specification.version" value="1.8"/>
    <property name="sun.arch.data.model" value="64"/>
    <property name="java.home" value="/usr/lib/jvm/java-8-oracle/jre"/>
    <property name="sun.java.command" value="org.codehaus.classworlds.Launcher -Didea.version=2018.3.3 test"/>
    <property name="java.specification.vendor" value="Oracle Corporation"/>
    <property name="user.language" value="en"/>
    <property name="awt.toolkit" value="sun.awt.X11.XToolkit"/>
    <property name="java.vm.info" value="mixed mode"/>
    <property name="java.version" value="1.8.0_181"/>
    <property name="java.ext.dirs" value="/usr/lib/jvm/java-8-oracle/jre/lib/ext:/usr/java/packages/lib/ext"/>
    <property name="securerandom.source" value="file:/dev/./urandom"/>
    <property name="sun.boot.class.path" value="/usr/lib/jvm/java-8-oracle/jre/lib/resources.jar:/usr/lib/jvm/java-8-oracle/jre/lib/rt.jar:/usr/lib/jvm/java-8-oracle/jre/lib/sunrsasign.jar:/usr/lib/jvm/java-8-oracle/jre/lib/jsse.jar:/usr/lib/jvm/java-8-oracle/jre/lib/jce.jar:/usr/lib/jvm/java-8-oracle/jre/lib/charsets.jar:/usr/lib/jvm/java-8-oracle/jre/lib/jfr.jar:/usr/lib/jvm/java-8-oracle/jre/classes"/>
    <property name="java.vendor" value="Oracle Corporation"/>
    <property name="maven.home" value="/snap/intellij-idea-community/110/plugins/maven/lib/maven3"/>
    <property name="file.separator" value="/"/>
    <property name="java.vendor.url.bug" value="http://bugreport.sun.com/bugreport/"/>
    <property name="sun.cpu.endian" value="little"/>
    <property name="sun.io.unicode.encoding" value="UnicodeLittle"/>
    <property name="sun.desktop" value="gnome"/>
    <property name="sun.cpu.isalist" value=""/>
  </properties>
  <testcase classname="fr.femtost.disc.glcomp.m1comp6.typechecker.mjj.TypeCheckerVisitorTest" name="nodeAssignmentVisitorArrayFailureExpTypeTest" time="0.005"/>
  <testcase classname="fr.femtost.disc.glcomp.m1comp6.typechecker.mjj.TypeCheckerVisitorTest" name="nodeAddVisitorFailureLeftTest" time="0"/>
  <testcase classname="fr.femtost.disc.glcomp.m1comp6.typechecker.mjj.TypeCheckerVisitorTest" name="nodeSumVisitorFailureVConstantTest" time="0"/>
  <testcase classname="fr.femtost.disc.glcomp.m1comp6.typechecker.mjj.TypeCheckerVisitorTest" name="nodeHeadersVisitorTest" time="0.001"/>
  <testcase classname="fr.femtost.disc.glcomp.m1comp6.typechecker.mjj.TypeCheckerVisitorTest" name="nodeExnilVisitorTest" time="0"/>
  <testcase classname="fr.femtost.disc.glcomp.m1comp6.typechecker.mjj.TypeCheckerVisitorTest" name="nodeArrayGetVisitorTest" time="0"/>
  <testcase classname="fr.femtost.disc.glcomp.m1comp6.typechecker.mjj.TypeCheckerVisitorTest" name="nodeDivVisitorTest" time="0.001"/>
  <testcase classname="fr.femtost.disc.glcomp.m1comp6.typechecker.mjj.TypeCheckerVisitorTest" name="nodeCallEVisitorTest" time="0"/>
  <testcase classname="fr.femtost.disc.glcomp.m1comp6.typechecker.mjj.TypeCheckerVisitorTest" name="nodeSupVisitorFailureRightTest" time="0.001"/>
  <testcase classname="fr.femtost.disc.glcomp.m1comp6.typechecker.mjj.TypeCheckerVisitorTest" name="nodeMulVisitorFailureRightTest" time="0"/>
  <testcase classname="fr.femtost.disc.glcomp.m1comp6.typechecker.mjj.TypeCheckerVisitorTest" name="nodeAssignmentVisitorArrayTest" time="0"/>
  <testcase classname="fr.femtost.disc.glcomp.m1comp6.typechecker.mjj.TypeCheckerVisitorTest" name="nodeVnilVisitorTest" time="0"/>
  <testcase classname="fr.femtost.disc.glcomp.m1comp6.typechecker.mjj.TypeCheckerVisitorTest" name="nodeSumVisitorFailureTypeTest" time="0"/>
  <testcase classname="fr.femtost.disc.glcomp.m1comp6.typechecker.mjj.TypeCheckerVisitorTest" name="nodeVarVisitorFailureVoidTest" time="0"/>
  <testcase classname="fr.femtost.disc.glcomp.m1comp6.typechecker.mjj.TypeCheckerVisitorTest" name="nodeArrayVisitorFailureVoidTest" time="0"/>
  <testcase classname="fr.femtost.disc.glcomp.m1comp6.typechecker.mjj.TypeCheckerVisitorTest" name="nodeSumVisitorFailureDeclaredTest" time="0.001"/>
  <testcase classname="fr.femtost.disc.glcomp.m1comp6.typechecker.mjj.TypeCheckerVisitorTest" name="nodeMethodVisitorFailureReturnTest" time="0.001"/>
  <testcase classname="fr.femtost.disc.glcomp.m1comp6.typechecker.mjj.TypeCheckerVisitorTest" name="nodeClassVisitorTest" time="0"/>
  <testcase classname="fr.femtost.disc.glcomp.m1comp6.typechecker.mjj.TypeCheckerVisitorTest" name="nodeEnilVisitorTest" time="0"/>
  <testcase classname="fr.femtost.disc.glcomp.m1comp6.typechecker.mjj.TypeCheckerVisitorTest" name="nodeReturnVisitorFailureVoidTest" time="0"/>
  <testcase classname="fr.femtost.disc.glcomp.m1comp6.typechecker.mjj.TypeCheckerVisitorTest" name="nodeArrayGetVisitorFailureExpTypeTest" time="0"/>
  <testcase classname="fr.femtost.disc.glcomp.m1comp6.typechecker.mjj.TypeCheckerVisitorTest" name="nodeCallIVisitorTest" time="0.001"/>
  <testcase classname="fr.femtost.disc.glcomp.m1comp6.typechecker.mjj.TypeCheckerVisitorTest" name="nodeHeaderVisitorFailureVoidTest" time="0"/>
  <testcase classname="fr.femtost.disc.glcomp.m1comp6.typechecker.mjj.TypeCheckerVisitorTest" name="nodeFalseVisitorTest" time="0"/>
  <testcase classname="fr.femtost.disc.glcomp.m1comp6.typechecker.mjj.TypeCheckerVisitorTest" name="nodeSumVisitorTest" time="0"/>
  <testcase classname="fr.femtost.disc.glcomp.m1comp6.typechecker.mjj.TypeCheckerVisitorTest" name="nodeAddVisitorTest" time="0"/>
  <testcase classname="fr.femtost.disc.glcomp.m1comp6.typechecker.mjj.TypeCheckerVisitorTest" name="nodeReturnVisitorFailureOutsideTest" time="0"/>
  <testcase classname="fr.femtost.disc.glcomp.m1comp6.typechecker.mjj.TypeCheckerVisitorTest" name="nodeCstVisitorFailureDeclaredTest" time="0"/>
  <testcase classname="fr.femtost.disc.glcomp.m1comp6.typechecker.mjj.TypeCheckerVisitorTest" name="nodeOrVisitorFailureRightTest" time="0.001"/>
  <testcase classname="fr.femtost.disc.glcomp.m1comp6.typechecker.mjj.TypeCheckerVisitorTest" name="nodeArrayGetVisitorFailureNotArrayTest" time="0"/>
  <testcase classname="fr.femtost.disc.glcomp.m1comp6.typechecker.mjj.TypeCheckerVisitorTest" name="nodeVarsVisitorTest" time="0"/>
  <testcase classname="fr.femtost.disc.glcomp.m1comp6.typechecker.mjj.TypeCheckerVisitorTest" name="nodeCstVisitorNotInitTest" time="0"/>
  <testcase classname="fr.femtost.disc.glcomp.m1comp6.typechecker.mjj.TypeCheckerVisitorTest" name="nodeHeaderVisitorFailureDeclaredTest" time="0"/>
  <testcase classname="fr.femtost.disc.glcomp.m1comp6.typechecker.mjj.TypeCheckerVisitorTest" name="nodeIdentVisitorFailureDeclaredTest" time="0"/>
  <testcase classname="fr.femtost.disc.glcomp.m1comp6.typechecker.mjj.TypeCheckerVisitorTest" name="nodeAssignmentVisitorFailureConstantTest" time="0"/>
  <testcase classname="fr.femtost.disc.glcomp.m1comp6.typechecker.mjj.TypeCheckerVisitorTest" name="nodeIncrementVisitorFailureVConstantTest" time="0"/>
  <testcase classname="fr.femtost.disc.glcomp.m1comp6.typechecker.mjj.TypeCheckerVisitorTest" name="nodeWhileVisitorFailureTest" time="0"/>
  <testcase classname="fr.femtost.disc.glcomp.m1comp6.typechecker.mjj.TypeCheckerVisitorTest" name="nodeSumVisitorArrayFailureTypeTest" time="0"/>
  <testcase classname="fr.femtost.disc.glcomp.m1comp6.typechecker.mjj.TypeCheckerVisitorTest" name="nodeMulVisitorFailureLeftTest" time="0"/>
  <testcase classname="fr.femtost.disc.glcomp.m1comp6.typechecker.mjj.TypeCheckerVisitorTest" name="nodeSubVisitorFailureRightTest" time="0"/>
  <testcase classname="fr.femtost.disc.glcomp.m1comp6.typechecker.mjj.TypeCheckerVisitorTest" name="nodeSupVisitorTest" time="0"/>
  <testcase classname="fr.femtost.disc.glcomp.m1comp6.typechecker.mjj.TypeCheckerVisitorTest" name="nodeAssignmentVisitorVConstantTest" time="0.001"/>
  <testcase classname="fr.femtost.disc.glcomp.m1comp6.typechecker.mjj.TypeCheckerVisitorTest" name="nodeSumVisitorFailureExpTypeTest" time="0"/>
  <testcase classname="fr.femtost.disc.glcomp.m1comp6.typechecker.mjj.TypeCheckerVisitorTest" name="nodeNumberVisitorTest" time="0"/>
  <testcase classname="fr.femtost.disc.glcomp.m1comp6.typechecker.mjj.TypeCheckerVisitorTest" name="nodeIntegerVisitorTest" time="0"/>
  <testcase classname="fr.femtost.disc.glcomp.m1comp6.typechecker.mjj.TypeCheckerVisitorTest" name="nodeAddVisitorFailureRightTest" time="0"/>
  <testcase classname="fr.femtost.disc.glcomp.m1comp6.typechecker.mjj.TypeCheckerVisitorTest" name="nodeIncrementVisitorTest" time="0"/>
  <testcase classname="fr.femtost.disc.glcomp.m1comp6.typechecker.mjj.TypeCheckerVisitorTest" name="nodeVarVisitorTest" time="0"/>
  <testcase classname="fr.femtost.disc.glcomp.m1comp6.typechecker.mjj.TypeCheckerVisitorTest" name="nodeCallIVisitorFailureDeclaredTest" time="0"/>
  <testcase classname="fr.femtost.disc.glcomp.m1comp6.typechecker.mjj.TypeCheckerVisitorTest" name="nodeOrVisitorTest" time="0"/>
  <testcase classname="fr.femtost.disc.glcomp.m1comp6.typechecker.mjj.TypeCheckerVisitorTest" name="nodeNotVisitorTest" time="0"/>
  <testcase classname="fr.femtost.disc.glcomp.m1comp6.typechecker.mjj.TypeCheckerVisitorTest" name="nodeVarVisitorFailureTypeTest" time="0"/>
  <testcase classname="fr.femtost.disc.glcomp.m1comp6.typechecker.mjj.TypeCheckerVisitorTest" name="nodeCstVisitorTest" time="0"/>
  <testcase classname="fr.femtost.disc.glcomp.m1comp6.typechecker.mjj.TypeCheckerVisitorTest" name="nodeIfVisitorTest" time="0.001"/>
  <testcase classname="fr.femtost.disc.glcomp.m1comp6.typechecker.mjj.TypeCheckerVisitorTest" name="nodeReturnVisitorFailureTypeTest" time="0"/>
  <testcase classname="fr.femtost.disc.glcomp.m1comp6.typechecker.mjj.TypeCheckerVisitorTest" name="nodeWhileVisitorTest" time="0"/>
  <testcase classname="fr.femtost.disc.glcomp.m1comp6.typechecker.mjj.TypeCheckerVisitorTest" name="nodeSubVisitorFailureLeftTest" time="0"/>
  <testcase classname="fr.femtost.disc.glcomp.m1comp6.typechecker.mjj.TypeCheckerVisitorTest" name="nodeNotVisitorFailureTest" time="0"/>
  <testcase classname="fr.femtost.disc.glcomp.m1comp6.typechecker.mjj.TypeCheckerVisitorTest" name="nodeCallEVisitorFailureDeclaredTest" time="0"/>
  <testcase classname="fr.femtost.disc.glcomp.m1comp6.typechecker.mjj.TypeCheckerVisitorTest" name="nodeIdentVisitorTest" time="0"/>
  <testcase classname="fr.femtost.disc.glcomp.m1comp6.typechecker.mjj.TypeCheckerVisitorTest" name="nodeIncrementVisitorArrayFailureTypeTest" time="0"/>
  <testcase classname="fr.femtost.disc.glcomp.m1comp6.typechecker.mjj.TypeCheckerVisitorTest" name="nodeAndVisitorFailureRightTest" time="0"/>
  <testcase classname="fr.femtost.disc.glcomp.m1comp6.typechecker.mjj.TypeCheckerVisitorTest" name="nodeAndVisitorTest" time="0.001"/>
  <testcase classname="fr.femtost.disc.glcomp.m1comp6.typechecker.mjj.TypeCheckerVisitorTest" name="nodeSupVisitorFailureLeftTest" time="0"/>
  <testcase classname="fr.femtost.disc.glcomp.m1comp6.typechecker.mjj.TypeCheckerVisitorTest" name="nodeMainVisitorTest" time="0"/>
  <testcase classname="fr.femtost.disc.glcomp.m1comp6.typechecker.mjj.TypeCheckerVisitorTest" name="nodeInilVisitorTest" time="0.001"/>
  <testcase classname="fr.femtost.disc.glcomp.m1comp6.typechecker.mjj.TypeCheckerVisitorTest" name="nodeMethodVisitorFailureDeepReturnTest" time="0"/>
  <testcase classname="fr.femtost.disc.glcomp.m1comp6.typechecker.mjj.TypeCheckerVisitorTest" name="nodeMethodVisitorTest" time="0"/>
  <testcase classname="fr.femtost.disc.glcomp.m1comp6.typechecker.mjj.TypeCheckerVisitorTest" name="nodeIdentVisitorScopeTest" time="0"/>
  <testcase classname="fr.femtost.disc.glcomp.m1comp6.typechecker.mjj.TypeCheckerVisitorTest" name="nodeMethodVisitorDeepReturnTest" time="0"/>
  <testcase classname="fr.femtost.disc.glcomp.m1comp6.typechecker.mjj.TypeCheckerVisitorTest" name="nodeIncrementVisitorFailureConstantTest" time="0"/>
  <testcase classname="fr.femtost.disc.glcomp.m1comp6.typechecker.mjj.TypeCheckerVisitorTest" name="nodeCstVisitorFailureVoidTest" time="0"/>
  <testcase classname="fr.femtost.disc.glcomp.m1comp6.typechecker.mjj.TypeCheckerVisitorTest" name="nodeClassVisitorFailureDeclaredTest" time="0"/>
  <testcase classname="fr.femtost.disc.glcomp.m1comp6.typechecker.mjj.TypeCheckerVisitorTest" name="nodeArrayVisitorFailureDeclaredTest" time="0"/>
  <testcase classname="fr.femtost.disc.glcomp.m1comp6.typechecker.mjj.TypeCheckerVisitorTest" name="nodeAssignmentVisitorFailureDeclaredTest" time="0"/>
  <testcase classname="fr.femtost.disc.glcomp.m1comp6.typechecker.mjj.TypeCheckerVisitorTest" name="nodeDivVisitorFailureRightTest" time="0"/>
  <testcase classname="fr.femtost.disc.glcomp.m1comp6.typechecker.mjj.TypeCheckerVisitorTest" name="nodeReturnVisitorFailureDeclaredTest" time="0"/>
  <testcase classname="fr.femtost.disc.glcomp.m1comp6.typechecker.mjj.TypeCheckerVisitorTest" name="nodeNegVisitorTest" time="0.001"/>
  <testcase classname="fr.femtost.disc.glcomp.m1comp6.typechecker.mjj.TypeCheckerVisitorTest" name="nodeIncrementVisitorFailureTypeTest" time="0"/>
  <testcase classname="fr.femtost.disc.glcomp.m1comp6.typechecker.mjj.TypeCheckerVisitorTest" name="nodeSumVisitorFailureConstantTest" time="0"/>
  <testcase classname="fr.femtost.disc.glcomp.m1comp6.typechecker.mjj.TypeCheckerVisitorTest" name="nodeDivVisitorFailureLeftTest" time="0"/>
  <testcase classname="fr.femtost.disc.glcomp.m1comp6.typechecker.mjj.TypeCheckerVisitorTest" name="nodeReturnVisitorTest" time="0"/>
  <testcase classname="fr.femtost.disc.glcomp.m1comp6.typechecker.mjj.TypeCheckerVisitorTest" name="nodeCmpVisitorTest" time="0.001"/>
  <testcase classname="fr.femtost.disc.glcomp.m1comp6.typechecker.mjj.TypeCheckerVisitorTest" name="nodeInstrsVisitorTest" time="0"/>
  <testcase classname="fr.femtost.disc.glcomp.m1comp6.typechecker.mjj.TypeCheckerVisitorTest" name="nodeBooleanVisitorTest" time="0"/>
  <testcase classname="fr.femtost.disc.glcomp.m1comp6.typechecker.mjj.TypeCheckerVisitorTest" name="nodeVoidVisitorTest" time="0"/>
  <testcase classname="fr.femtost.disc.glcomp.m1comp6.typechecker.mjj.TypeCheckerVisitorTest" name="nodeSumVisitorArrayFailureExpTypeTest" time="0"/>
  <testcase classname="fr.femtost.disc.glcomp.m1comp6.typechecker.mjj.TypeCheckerVisitorTest" name="nodeOrVisitorFailureLeftTest" time="0.001"/>
  <testcase classname="fr.femtost.disc.glcomp.m1comp6.typechecker.mjj.TypeCheckerVisitorTest" name="nodeArrayVisitorFailureExpTypeTest" time="0"/>
  <testcase classname="fr.femtost.disc.glcomp.m1comp6.typechecker.mjj.TypeCheckerVisitorTest" name="nodeSumVisitorArrayTest" time="0"/>
  <testcase classname="fr.femtost.disc.glcomp.m1comp6.typechecker.mjj.TypeCheckerVisitorTest" name="nodeDeclsVisitorTest" time="0"/>
  <testcase classname="fr.femtost.disc.glcomp.m1comp6.typechecker.mjj.TypeCheckerVisitorTest" name="nodeAssignmentVisitorTest" time="0"/>
  <testcase classname="fr.femtost.disc.glcomp.m1comp6.typechecker.mjj.TypeCheckerVisitorTest" name="nodeIfVisitorFailureTest" time="0"/>
  <testcase classname="fr.femtost.disc.glcomp.m1comp6.typechecker.mjj.TypeCheckerVisitorTest" name="nodeOmegaVisitorTest" time="0"/>
  <testcase classname="fr.femtost.disc.glcomp.m1comp6.typechecker.mjj.TypeCheckerVisitorTest" name="nodeAndVisitorFailureLeftTest" time="0"/>
  <testcase classname="fr.femtost.disc.glcomp.m1comp6.typechecker.mjj.TypeCheckerVisitorTest" name="nodeSubVisitorTest" time="0.001"/>
  <testcase classname="fr.femtost.disc.glcomp.m1comp6.typechecker.mjj.TypeCheckerVisitorTest" name="nodeMethodVisitorFailureDeclaredTest" time="0"/>
  <testcase classname="fr.femtost.disc.glcomp.m1comp6.typechecker.mjj.TypeCheckerVisitorTest" name="nodeMulVisitorTest" time="0"/>
  <testcase classname="fr.femtost.disc.glcomp.m1comp6.typechecker.mjj.TypeCheckerVisitorTest" name="nodeArrayVisitorTest" time="0"/>
  <testcase classname="fr.femtost.disc.glcomp.m1comp6.typechecker.mjj.TypeCheckerVisitorTest" name="nodeTrueVisitorTest" time="0"/>
  <testcase classname="fr.femtost.disc.glcomp.m1comp6.typechecker.mjj.TypeCheckerVisitorTest" name="nodeAssignmentVisitorFailureVConstantTest" time="0.001"/>
  <testcase classname="fr.femtost.disc.glcomp.m1comp6.typechecker.mjj.TypeCheckerVisitorTest" name="nodeCstVisitorFailureTypeTest" time="0"/>
  <testcase classname="fr.femtost.disc.glcomp.m1comp6.typechecker.mjj.TypeCheckerVisitorTest" name="nodeVarVisitorFailureDeclaredTest" time="0"/>
  <testcase classname="fr.femtost.disc.glcomp.m1comp6.typechecker.mjj.TypeCheckerVisitorTest" name="nodeHeaderVisitorTest" time="0"/>
  <testcase classname="fr.femtost.disc.glcomp.m1comp6.typechecker.mjj.TypeCheckerVisitorTest" name="nodeArrayGetVisitorFailureDeclaredTest" time="0"/>
  <testcase classname="fr.femtost.disc.glcomp.m1comp6.typechecker.mjj.TypeCheckerVisitorTest" name="nodeCmpVisitorFailureTest" time="0.001"/>
  <testcase classname="fr.femtost.disc.glcomp.m1comp6.typechecker.mjj.TypeCheckerVisitorTest" name="nodeAssignmentVisitorFailureExpTypeTest" time="0"/>
  <testcase classname="fr.femtost.disc.glcomp.m1comp6.typechecker.mjj.TypeCheckerVisitorTest" name="nodeNegVisitorFailureTest" time="0"/>
  <testcase classname="fr.femtost.disc.glcomp.m1comp6.typechecker.mjj.TypeCheckerVisitorTest" name="nodeIncrementVisitorFailureDeclaredTest" time="0"/>
  <testcase classname="fr.femtost.disc.glcomp.m1comp6.typechecker.mjj.TypeCheckerVisitorTest" name="nodeExpListVisitorTest" time="0"/>
  <testcase classname="fr.femtost.disc.glcomp.m1comp6.typechecker.mjj.TypeCheckerVisitorTest" name="nodeIncrementVisitorArrayTest" time="0"/>
</testsuite>